<?xml version="1.0" encoding="UTF-8"?>
<!-- Generated by org.testng.reporters.JUnitXMLReporter -->
<testsuite hostname="DESKTOP-TA6EE9O" ignored="0" name="Surefire test" tests="1" failures="1" timestamp="13 Apr 2020 10:30:23 GMT" time="126.015" errors="0">
  <testcase name="feature" time="123.89" classname="cucumber.api.testng.AbstractTestNGCucumberTests">
    <failure type="cucumber.runtime.CucumberException" message="java.lang.AssertionError: Title Failed">
      <![CDATA[cucumber.runtime.CucumberException: java.lang.AssertionError: Title Failed
at cucumber.api.testng.TestNGCucumberRunner.runCucumber(TestNGCucumberRunner.java:69)
at cucumber.api.testng.AbstractTestNGCucumberTests.feature(AbstractTestNGCucumberTests.java:21)
Caused by: java.lang.AssertionError: Title Failed
at com.webdriverlearn.pgfactory.BugStepDefn.bugzilla_page_Title_should_be(BugStepDefn.java:42)
at âœ½.And Bugzilla_Page Title should be "Log in to Bugzilla"(src/main/java/com/webdriverlearn/pgfactory/BugCreation.feature:5)
... Removed 31 stack frames]]>
    </failure>
  </testcase> <!-- feature -->
</testsuite> <!-- Surefire test -->
