-------------------------------------------------------------------------------
Test set: com.webdriver.runner.BugzillaRunner
-------------------------------------------------------------------------------
Tests run: 1, Failures: 1, Errors: 0, Skipped: 0, Time elapsed: 155.458 s <<< FAILURE! - in com.webdriver.runner.BugzillaRunner
feature(com.webdriver.runner.BugzillaRunner)  Time elapsed: 151.393 s  <<< FAILURE!
cucumber.runtime.CucumberException: java.lang.AssertionError: Title Failed
Caused by: java.lang.AssertionError: Title Failed

