<?xml version="1.0" encoding="UTF-8"?>
<testsuite xmlns:xsi="http://www.w3.org/2001/XMLSchema-instance" xsi:noNamespaceSchemaLocation="https://maven.apache.org/surefire/maven-surefire-plugin/xsd/surefire-test-report.xsd" name="com.webdriver.runner.BugzillaRunner" time="155.458" tests="1" errors="0" skipped="0" failures="1">
  <properties>
    <property name="sun.desktop" value="windows"/>
    <property name="awt.toolkit" value="sun.awt.windows.WToolkit"/>
    <property name="file.encoding.pkg" value="sun.io"/>
    <property name="java.specification.version" value="1.8"/>
    <property name="sun.cpu.isalist" value="amd64"/>
    <property name="sun.jnu.encoding" value="Cp1252"/>
    <property name="java.class.path" value="D:\Projects\JavaProjects\SeleniumWebdriverProject\target\test-classes;D:\Projects\JavaProjects\SeleniumWebdriverProject\target\classes;C:\Users\c29ra\.m2\repository\junit\junit\4.13\junit-4.13.jar;C:\Users\c29ra\.m2\repository\org\hamcrest\hamcrest-core\1.3\hamcrest-core-1.3.jar;C:\Users\c29ra\.m2\repository\info\cukes\cucumber-junit\1.2.5\cucumber-junit-1.2.5.jar;C:\Users\c29ra\.m2\repository\info\cukes\cucumber-java\1.2.5\cucumber-java-1.2.5.jar;C:\Users\c29ra\.m2\repository\info\cukes\cucumber-core\1.2.5\cucumber-core-1.2.5.jar;C:\Users\c29ra\.m2\repository\info\cukes\cucumber-picocontainer\1.2.5\cucumber-picocontainer-1.2.5.jar;C:\Users\c29ra\.m2\repository\org\picocontainer\picocontainer\2.15\picocontainer-2.15.jar;C:\Users\c29ra\.m2\repository\info\cukes\cucumber-testng\1.2.5\cucumber-testng-1.2.5.jar;C:\Users\c29ra\.m2\repository\info\cukes\cucumber-html\0.2.3\cucumber-html-0.2.3.jar;C:\Users\c29ra\.m2\repository\info\cukes\cucumber-jvm-deps\1.0.5\cucumber-jvm-deps-1.0.5.jar;C:\Users\c29ra\.m2\repository\info\cukes\gherkin\2.12.2\gherkin-2.12.2.jar;C:\Users\c29ra\.m2\repository\org\testng\testng\6.14.3\testng-6.14.3.jar;C:\Users\c29ra\.m2\repository\com\beust\jcommander\1.72\jcommander-1.72.jar;C:\Users\c29ra\.m2\repository\org\apache-extras\beanshell\bsh\2.0b6\bsh-2.0b6.jar;C:\Users\c29ra\.m2\repository\org\seleniumhq\selenium\selenium-java\3.141.59\selenium-java-3.141.59.jar;C:\Users\c29ra\.m2\repository\org\seleniumhq\selenium\selenium-api\3.141.59\selenium-api-3.141.59.jar;C:\Users\c29ra\.m2\repository\org\seleniumhq\selenium\selenium-chrome-driver\3.141.59\selenium-chrome-driver-3.141.59.jar;C:\Users\c29ra\.m2\repository\org\seleniumhq\selenium\selenium-edge-driver\3.141.59\selenium-edge-driver-3.141.59.jar;C:\Users\c29ra\.m2\repository\org\seleniumhq\selenium\selenium-firefox-driver\3.141.59\selenium-firefox-driver-3.141.59.jar;C:\Users\c29ra\.m2\repository\org\seleniumhq\selenium\selenium-ie-driver\3.141.59\selenium-ie-driver-3.141.59.jar;C:\Users\c29ra\.m2\repository\org\seleniumhq\selenium\selenium-opera-driver\3.141.59\selenium-opera-driver-3.141.59.jar;C:\Users\c29ra\.m2\repository\org\seleniumhq\selenium\selenium-remote-driver\3.141.59\selenium-remote-driver-3.141.59.jar;C:\Users\c29ra\.m2\repository\org\seleniumhq\selenium\selenium-safari-driver\3.141.59\selenium-safari-driver-3.141.59.jar;C:\Users\c29ra\.m2\repository\org\seleniumhq\selenium\selenium-support\3.141.59\selenium-support-3.141.59.jar;C:\Users\c29ra\.m2\repository\net\bytebuddy\byte-buddy\1.8.15\byte-buddy-1.8.15.jar;C:\Users\c29ra\.m2\repository\org\apache\commons\commons-exec\1.3\commons-exec-1.3.jar;C:\Users\c29ra\.m2\repository\com\google\guava\guava\25.0-jre\guava-25.0-jre.jar;C:\Users\c29ra\.m2\repository\com\google\code\findbugs\jsr305\1.3.9\jsr305-1.3.9.jar;C:\Users\c29ra\.m2\repository\org\checkerframework\checker-compat-qual\2.0.0\checker-compat-qual-2.0.0.jar;C:\Users\c29ra\.m2\repository\com\google\errorprone\error_prone_annotations\2.1.3\error_prone_annotations-2.1.3.jar;C:\Users\c29ra\.m2\repository\com\google\j2objc\j2objc-annotations\1.1\j2objc-annotations-1.1.jar;C:\Users\c29ra\.m2\repository\org\codehaus\mojo\animal-sniffer-annotations\1.14\animal-sniffer-annotations-1.14.jar;C:\Users\c29ra\.m2\repository\com\squareup\okhttp3\okhttp\3.11.0\okhttp-3.11.0.jar;C:\Users\c29ra\.m2\repository\com\squareup\okio\okio\1.14.0\okio-1.14.0.jar;C:\Users\c29ra\.m2\repository\commons-io\commons-io\2.6\commons-io-2.6.jar;C:\Users\c29ra\.m2\repository\org\apache\poi\poi\3.17\poi-3.17.jar;C:\Users\c29ra\.m2\repository\commons-codec\commons-codec\1.10\commons-codec-1.10.jar;C:\Users\c29ra\.m2\repository\org\apache\commons\commons-collections4\4.1\commons-collections4-4.1.jar;C:\Users\c29ra\.m2\repository\org\apache\poi\poi-ooxml\3.15\poi-ooxml-3.15.jar;C:\Users\c29ra\.m2\repository\org\apache\poi\poi-ooxml-schemas\3.15\poi-ooxml-schemas-3.15.jar;C:\Users\c29ra\.m2\repository\org\apache\xmlbeans\xmlbeans\2.6.0\xmlbeans-2.6.0.jar;C:\Users\c29ra\.m2\repository\stax\stax-api\1.0.1\stax-api-1.0.1.jar;C:\Users\c29ra\.m2\repository\com\github\virtuald\curvesapi\1.04\curvesapi-1.04.jar;"/>
    <property name="java.vm.vendor" value="Oracle Corporation"/>
    <property name="sun.arch.data.model" value="64"/>
    <property name="user.variant" value=""/>
    <property name="java.vendor.url" value="http://java.oracle.com/"/>
    <property name="user.timezone" value="Asia/Calcutta"/>
    <property name="java.vm.specification.version" value="1.8"/>
    <property name="os.name" value="Windows 10"/>
    <property name="user.country" value="US"/>
    <property name="sun.java.launcher" value="SUN_STANDARD"/>
    <property name="sun.boot.library.path" value="C:\Program Files\Java\jdk1.8.0_241\jre\bin"/>
    <property name="sun.java.command" value="C:\Users\c29ra\AppData\Local\Temp\surefire2677739019464398011\surefirebooter1582171221222984604.jar C:\Users\c29ra\AppData\Local\Temp\surefire2677739019464398011 2020-04-13T16-50-52_633-jvmRun2 surefire4037327252229707192tmp surefire_22287237195769181278tmp"/>
    <property name="surefire.test.class.path" value="D:\Projects\JavaProjects\SeleniumWebdriverProject\target\test-classes;D:\Projects\JavaProjects\SeleniumWebdriverProject\target\classes;C:\Users\c29ra\.m2\repository\junit\junit\4.13\junit-4.13.jar;C:\Users\c29ra\.m2\repository\org\hamcrest\hamcrest-core\1.3\hamcrest-core-1.3.jar;C:\Users\c29ra\.m2\repository\info\cukes\cucumber-junit\1.2.5\cucumber-junit-1.2.5.jar;C:\Users\c29ra\.m2\repository\info\cukes\cucumber-java\1.2.5\cucumber-java-1.2.5.jar;C:\Users\c29ra\.m2\repository\info\cukes\cucumber-core\1.2.5\cucumber-core-1.2.5.jar;C:\Users\c29ra\.m2\repository\info\cukes\cucumber-picocontainer\1.2.5\cucumber-picocontainer-1.2.5.jar;C:\Users\c29ra\.m2\repository\org\picocontainer\picocontainer\2.15\picocontainer-2.15.jar;C:\Users\c29ra\.m2\repository\info\cukes\cucumber-testng\1.2.5\cucumber-testng-1.2.5.jar;C:\Users\c29ra\.m2\repository\info\cukes\cucumber-html\0.2.3\cucumber-html-0.2.3.jar;C:\Users\c29ra\.m2\repository\info\cukes\cucumber-jvm-deps\1.0.5\cucumber-jvm-deps-1.0.5.jar;C:\Users\c29ra\.m2\repository\info\cukes\gherkin\2.12.2\gherkin-2.12.2.jar;C:\Users\c29ra\.m2\repository\org\testng\testng\6.14.3\testng-6.14.3.jar;C:\Users\c29ra\.m2\repository\com\beust\jcommander\1.72\jcommander-1.72.jar;C:\Users\c29ra\.m2\repository\org\apache-extras\beanshell\bsh\2.0b6\bsh-2.0b6.jar;C:\Users\c29ra\.m2\repository\org\seleniumhq\selenium\selenium-java\3.141.59\selenium-java-3.141.59.jar;C:\Users\c29ra\.m2\repository\org\seleniumhq\selenium\selenium-api\3.141.59\selenium-api-3.141.59.jar;C:\Users\c29ra\.m2\repository\org\seleniumhq\selenium\selenium-chrome-driver\3.141.59\selenium-chrome-driver-3.141.59.jar;C:\Users\c29ra\.m2\repository\org\seleniumhq\selenium\selenium-edge-driver\3.141.59\selenium-edge-driver-3.141.59.jar;C:\Users\c29ra\.m2\repository\org\seleniumhq\selenium\selenium-firefox-driver\3.141.59\selenium-firefox-driver-3.141.59.jar;C:\Users\c29ra\.m2\repository\org\seleniumhq\selenium\selenium-ie-driver\3.141.59\selenium-ie-driver-3.141.59.jar;C:\Users\c29ra\.m2\repository\org\seleniumhq\selenium\selenium-opera-driver\3.141.59\selenium-opera-driver-3.141.59.jar;C:\Users\c29ra\.m2\repository\org\seleniumhq\selenium\selenium-remote-driver\3.141.59\selenium-remote-driver-3.141.59.jar;C:\Users\c29ra\.m2\repository\org\seleniumhq\selenium\selenium-safari-driver\3.141.59\selenium-safari-driver-3.141.59.jar;C:\Users\c29ra\.m2\repository\org\seleniumhq\selenium\selenium-support\3.141.59\selenium-support-3.141.59.jar;C:\Users\c29ra\.m2\repository\net\bytebuddy\byte-buddy\1.8.15\byte-buddy-1.8.15.jar;C:\Users\c29ra\.m2\repository\org\apache\commons\commons-exec\1.3\commons-exec-1.3.jar;C:\Users\c29ra\.m2\repository\com\google\guava\guava\25.0-jre\guava-25.0-jre.jar;C:\Users\c29ra\.m2\repository\com\google\code\findbugs\jsr305\1.3.9\jsr305-1.3.9.jar;C:\Users\c29ra\.m2\repository\org\checkerframework\checker-compat-qual\2.0.0\checker-compat-qual-2.0.0.jar;C:\Users\c29ra\.m2\repository\com\google\errorprone\error_prone_annotations\2.1.3\error_prone_annotations-2.1.3.jar;C:\Users\c29ra\.m2\repository\com\google\j2objc\j2objc-annotations\1.1\j2objc-annotations-1.1.jar;C:\Users\c29ra\.m2\repository\org\codehaus\mojo\animal-sniffer-annotations\1.14\animal-sniffer-annotations-1.14.jar;C:\Users\c29ra\.m2\repository\com\squareup\okhttp3\okhttp\3.11.0\okhttp-3.11.0.jar;C:\Users\c29ra\.m2\repository\com\squareup\okio\okio\1.14.0\okio-1.14.0.jar;C:\Users\c29ra\.m2\repository\commons-io\commons-io\2.6\commons-io-2.6.jar;C:\Users\c29ra\.m2\repository\org\apache\poi\poi\3.17\poi-3.17.jar;C:\Users\c29ra\.m2\repository\commons-codec\commons-codec\1.10\commons-codec-1.10.jar;C:\Users\c29ra\.m2\repository\org\apache\commons\commons-collections4\4.1\commons-collections4-4.1.jar;C:\Users\c29ra\.m2\repository\org\apache\poi\poi-ooxml\3.15\poi-ooxml-3.15.jar;C:\Users\c29ra\.m2\repository\org\apache\poi\poi-ooxml-schemas\3.15\poi-ooxml-schemas-3.15.jar;C:\Users\c29ra\.m2\repository\org\apache\xmlbeans\xmlbeans\2.6.0\xmlbeans-2.6.0.jar;C:\Users\c29ra\.m2\repository\stax\stax-api\1.0.1\stax-api-1.0.1.jar;C:\Users\c29ra\.m2\repository\com\github\virtuald\curvesapi\1.04\curvesapi-1.04.jar;"/>
    <property name="sun.cpu.endian" value="little"/>
    <property name="user.home" value="C:\Users\c29ra"/>
    <property name="user.language" value="en"/>
    <property name="java.specification.vendor" value="Oracle Corporation"/>
    <property name="java.home" value="C:\Program Files\Java\jdk1.8.0_241\jre"/>
    <property name="basedir" value="D:\Projects\JavaProjects\SeleniumWebdriverProject"/>
    <property name="file.separator" value="\"/>
    <property name="line.separator" value="&#10;"/>
    <property name="java.vm.specification.vendor" value="Oracle Corporation"/>
    <property name="java.specification.name" value="Java Platform API Specification"/>
    <property name="java.awt.graphicsenv" value="sun.awt.Win32GraphicsEnvironment"/>
    <property name="surefire.real.class.path" value="C:\Users\c29ra\AppData\Local\Temp\surefire2677739019464398011\surefirebooter1582171221222984604.jar"/>
    <property name="sun.boot.class.path" value="C:\Program Files\Java\jdk1.8.0_241\jre\lib\resources.jar;C:\Program Files\Java\jdk1.8.0_241\jre\lib\rt.jar;C:\Program Files\Java\jdk1.8.0_241\jre\lib\sunrsasign.jar;C:\Program Files\Java\jdk1.8.0_241\jre\lib\jsse.jar;C:\Program Files\Java\jdk1.8.0_241\jre\lib\jce.jar;C:\Program Files\Java\jdk1.8.0_241\jre\lib\charsets.jar;C:\Program Files\Java\jdk1.8.0_241\jre\lib\jfr.jar;C:\Program Files\Java\jdk1.8.0_241\jre\classes"/>
    <property name="user.script" value=""/>
    <property name="sun.management.compiler" value="HotSpot 64-Bit Tiered Compilers"/>
    <property name="java.runtime.version" value="1.8.0_241-b07"/>
    <property name="user.name" value="c29ra"/>
    <property name="path.separator" value=";"/>
    <property name="os.version" value="10.0"/>
    <property name="java.endorsed.dirs" value="C:\Program Files\Java\jdk1.8.0_241\jre\lib\endorsed"/>
    <property name="java.runtime.name" value="Java(TM) SE Runtime Environment"/>
    <property name="file.encoding" value="Cp1252"/>
    <property name="java.vm.name" value="Java HotSpot(TM) 64-Bit Server VM"/>
    <property name="localRepository" value="C:\Users\c29ra\.m2\repository"/>
    <property name="java.vendor.url.bug" value="http://bugreport.sun.com/bugreport/"/>
    <property name="java.io.tmpdir" value="C:\Users\c29ra\AppData\Local\Temp\"/>
    <property name="java.version" value="1.8.0_241"/>
    <property name="user.dir" value="D:\Projects\JavaProjects\SeleniumWebdriverProject"/>
    <property name="os.arch" value="amd64"/>
    <property name="java.vm.specification.name" value="Java Virtual Machine Specification"/>
    <property name="java.awt.printerjob" value="sun.awt.windows.WPrinterJob"/>
    <property name="sun.os.patch.level" value=""/>
    <property name="java.library.path" value="C:\Program Files\Java\jdk1.8.0_241\jre\bin;C:\WINDOWS\Sun\Java\bin;C:\WINDOWS\system32;C:\WINDOWS;C:\ProgramData\Oracle\Java\javapath;C:\Windows\system32;C:\Windows;C:\Windows\System32\Wbem;C:\Windows\System32\WindowsPowerShell\v1.0\;c:\Program Files\Intel\WiFi\bin\;c:\Program Files\Common Files\Intel\WirelessCommon\;C:\Program Files (x86)\NVIDIA Corporation\PhysX\Common;C:\Program Files\MySQL\MySQL Utilities 1.6\;C:\Program Files\Apache\apache-maven-3.5.3\bin;C:\WINDOWS\system32;C:\WINDOWS;C:\WINDOWS\System32\Wbem;C:\WINDOWS\System32\WindowsPowerShell\v1.0\;C:\WINDOWS\System32\OpenSSH\;C:\Program Files\dotnet\;C:\Program Files\Microsoft SQL Server\130\Tools\Binn\;C:\Program Files\Microsoft SQL Server\Client SDK\ODBC\130\Tools\Binn\;C:\Program Files (x86)\Microsoft SQL Server\140\Tools\Binn\;C:\Program Files\Microsoft SQL Server\140\Tools\Binn\;C:\Program Files\Microsoft SQL Server\140\DTS\Binn\;C:\Program Files (x86)\Microsoft SQL Server\Client SDK\ODBC\130\Tools\Binn\;C:\Program Files (x86)\Microsoft SQL Server\140\DTS\Binn\;C:\Program Files (x86)\Microsoft SQL Server\140\Tools\Binn\ManagementStudio\;C:\Program Files (x86)\Microsoft SQL Server\110\DTS\Binn\;C:\Program Files (x86)\Microsoft SQL Server\120\DTS\Binn\;C:\Program Files (x86)\Microsoft SQL Server\130\DTS\Binn\;C:\Program Files\Sublime Text 3;C:\Program Files\nodejs\;C:\Program Files\PuTTY\;C:\Program Files (x86)\Brackets\command;C:\Program Files\Java\jdk1.8.0_241\bin;C:\Users\c29ra\AppData\Local\Programs\Python\Python36-32\Scripts\;C:\Users\c29ra\AppData\Local\Programs\Python\Python36-32\;C:\Users\c29ra\AppData\Local\Microsoft\WindowsApps;c:\Program Files\Intel\WiFi\bin\;c:\Program Files\Common Files\Intel\WirelessCommon\;C:\Users\c29ra\AppData\Local\hyper\app-3.0.2\resources\bin;C:\Users\c29ra\AppData\Roaming\npm;C:\Users\c29ra\AppData\Local\Programs\Microsoft VS Code\bin;C:\Users\c29ra\AppData\Local\atom\bin;."/>
    <property name="java.vm.info" value="mixed mode"/>
    <property name="java.vendor" value="Oracle Corporation"/>
    <property name="java.vm.version" value="25.241-b07"/>
    <property name="java.ext.dirs" value="C:\Program Files\Java\jdk1.8.0_241\jre\lib\ext;C:\WINDOWS\Sun\Java\lib\ext"/>
    <property name="sun.io.unicode.encoding" value="UnicodeLittle"/>
    <property name="java.class.version" value="52.0"/>
  </properties>
  <testcase name="feature" classname="com.webdriver.runner.BugzillaRunner" time="151.393">
    <failure message="java.lang.AssertionError: Title Failed" type="cucumber.runtime.CucumberException">cucumber.runtime.CucumberException: java.lang.AssertionError: Title Failed
Caused by: java.lang.AssertionError: Title Failed
</failure>
    <system-out><![CDATA[Feature: Bugzilla bug creation
---Driver Service Initiated---
/D:/Projects/JavaProjects/SeleniumWebdriverProject/target/test-classes/
Webdrive Name in other Init
This is normal hook method
Test seetings Initiated..
Browser going to close..
---Driver Service Initiated---
/D:/Projects/JavaProjects/SeleniumWebdriverProject/target/test-classes/
Webdrive Name in other Init
This is regression hook
This is normal hook method

  Scenario: Bug creating in Bugzilla                                                                                                                                    # src/main/java/com/webdriverlearn/pgfactory/BugCreation.feature:2
    Given Bugzilla_I am at Bugzilla Homepage                                                                                                                            # BugStepDefn.bugzilla_i_am_at_Bugzilla_Homepage()
    Then Bugzilla_I click on file a bug and navigate to login page                                                                                                      # BugStepDefn.bugzilla_i_click_on_file_a_bug_and_navigate_to_login_page()
    And Bugzilla_Page Title should be "Log in to Bugzilla"                                                                                                              # BugStepDefn.bugzilla_page_Title_should_be(String)
      java.lang.AssertionError: Title Failed
      	at org.testng.Assert.fail(Assert.java:96)
      	at com.webdriverlearn.pgfactory.BugStepDefn.bugzilla_page_Title_should_be(BugStepDefn.java:42)
      	at ?.And Bugzilla_Page Title should be "Log in to Bugzilla"(src/main/java/com/webdriverlearn/pgfactory/BugCreation.feature:5)

    Then Bugzilla_I enter login details and navigate to Product Selection                                                                                               # BugStepDefn.bugzilla_i_enter_login_details_and_navigate_to_Product_Selection()
    Then Bugzilla_I Testng Product and navigate submit bug page                                                                                                         # BugStepDefn.bugzilla_i_Testng_Product_and_navigate_submit_bug_page()
    Then Bugzilla_I Enter Componente as "Comp2" Version as "v1" Sev as "minor" HW as "Other" Os as "Linux" Priority as "Low" Sum "Summary Done" Desc "Description done" # BugStepDefn.bugzilla_i_Enter_Componente_as_Version_as_Sev_as_HW_as_Os_as_Priority_as_Sum_Desc(String,String,String,String,String,String,String,String)
Test seetings Initiated..
----->>>>Data1234
Browser going to close..
---Driver Service Initiated---
/D:/Projects/JavaProjects/SeleniumWebdriverProject/target/test-classes/
Webdrive Name in other Init
This is normal hook method

  @regression
  Scenario: TestProduct Bug Creation                                                                                                                                     # src/main/java/com/webdriverlearn/pgfactory/BugCreation.feature:11
    Given Bugzilla_I am at Bugzilla Homepage                                                                                                                             # BugStepDefn.bugzilla_i_am_at_Bugzilla_Homepage()
    Then Bugzilla_I click on file a bug and navigate to login page                                                                                                       # BugStepDefn.bugzilla_i_click_on_file_a_bug_and_navigate_to_login_page()
    Then Bugzilla_I enter login details and navigate to Product Selection                                                                                                # BugStepDefn.bugzilla_i_enter_login_details_and_navigate_to_Product_Selection()
    Then TestProduct Test Product and navigate submit bug page                                                                                                           # TestProductBugStepDefnOne.testproduct_Test_Product_and_navigate_submit_bug_page()
    Then TestProduct Enter Componente as "Comp2" Version as "v1" Sev as "minor" HW as "Other" Os as "Linux" Priority as "Low" Sum "Summary Done" Desc "Description done" # TestProductBugsStepDefnTwo.testproduct_Enter_Componente_as_Version_as_Sev_as_HW_as_Os_as_Priority_as_Sum_Desc(String,String,String,String,String,String,String,String)
    And TestProduct click on Submit Bug                                                                                                                                  # TestProductBugsStepDefnTwo.testproduct_click_on_Submit_Bug()
    And TestProduct am summary page and i logout                                                                                                                         # TestProductBugsStepDefnTwo.testproduct_am_summary_page_and_i_logout()
Test seetings Initiated..
----->>>>Data1234
Browser going to close..

  Scenario: TestProduct2 Bug Creation                                                                                                                                    # src/main/java/com/webdriverlearn/pgfactory/BugCreation.feature:20
    Given Bugzilla_I am at Bugzilla Homepage                                                                                                                             # BugStepDefn.bugzilla_i_am_at_Bugzilla_Homepage()
    Then Bugzilla_I click on file a bug and navigate to login page                                                                                                       # BugStepDefn.bugzilla_i_click_on_file_a_bug_and_navigate_to_login_page()
    Then Bugzilla_I enter login details and navigate to Product Selection                                                                                                # BugStepDefn.bugzilla_i_enter_login_details_and_navigate_to_Product_Selection()
    Then Bugzilla_I click on Home button                                                                                                                                 # BugStepDefn.bugzilla_i_click_on_Home_button()
    Then Bugzilla_I click on New Button                                                                                                                                  # BugStepDefn.bugzilla_i_click_on_New_Button()
    Then TestProduct Test Product and navigate submit bug page                                                                                                           # TestProductBugStepDefnOne.testproduct_Test_Product_and_navigate_submit_bug_page()
    Then TestProduct Enter Componente as "Comp2" Version as "v1" Sev as "minor" HW as "Other" Os as "Linux" Priority as "Low" Sum "Summary Done" Desc "Description done" # TestProductBugsStepDefnTwo.testproduct_Enter_Componente_as_Version_as_Sev_as_HW_as_Os_as_Priority_as_Sum_Desc(String,String,String,String,String,String,String,String)
    And TestProduct click on Submit Bug                                                                                                                                  # TestProductBugsStepDefnTwo.testproduct_click_on_Submit_Bug()
    And TestProduct am summary page and i logout                                                                                                                         # TestProductBugsStepDefnTwo.testproduct_am_summary_page_and_i_logout()
]]></system-out>
    <system-err><![CDATA[1586776864983	mozrunner::runner	INFO	Running command: "C:\\Program Files\\Mozilla Firefox\\firefox.exe" "-marionette" "-foreground" "-no-remote" "-profile" "C:\\Users\\c29ra\\AppData\\Local\\Temp\\rust_mozprofileDGuHgm"
1586776871435	addons.webextension.doh-rollout@mozilla.org	WARN	Loading extension 'doh-rollout@mozilla.org': Reading manifest: Invalid extension permission: networkStatus
1586776875434	addons.webextension.screenshots@mozilla.org	WARN	Loading extension 'screenshots@mozilla.org': Reading manifest: Invalid extension permission: mozillaAddons
1586776875435	addons.webextension.screenshots@mozilla.org	WARN	Loading extension 'screenshots@mozilla.org': Reading manifest: Invalid extension permission: telemetry
1586776875435	addons.webextension.screenshots@mozilla.org	WARN	Loading extension 'screenshots@mozilla.org': Reading manifest: Invalid extension permission: resource://pdf.js/
1586776875437	addons.webextension.screenshots@mozilla.org	WARN	Loading extension 'screenshots@mozilla.org': Reading manifest: Invalid extension permission: about:reader*
JavaScript error: resource://gre/modules/XULStore.jsm, line 66: Error: Can't find profile directory.
1586776891783	Marionette	INFO	Listening on port 53191
1586776892297	Marionette	WARN	TLS certificate errors will be ignored for this session
Apr 13, 2020 4:51:32 PM org.openqa.selenium.remote.ProtocolHandshake createSession
INFO: Detected dialect: W3C
1586776916335	Marionette	INFO	Stopped listening on port 53191

###!!! [Child][RunMessage] Error: Channel closing: too late to send/recv, messages will be lost


###!!! [Child][MessageChannel::SendAndWait] Error: Channel error: cannot send/recv

1586776924971	mozrunner::runner	INFO	Running command: "C:\\Program Files\\Mozilla Firefox\\firefox.exe" "-marionette" "-foreground" "-no-remote" "-profile" "C:\\Users\\c29ra\\AppData\\Local\\Temp\\rust_mozprofileIpFbuR"
1586776927220	addons.webextension.doh-rollout@mozilla.org	WARN	Loading extension 'doh-rollout@mozilla.org': Reading manifest: Invalid extension permission: networkStatus
1586776930554	addons.webextension.screenshots@mozilla.org	WARN	Loading extension 'screenshots@mozilla.org': Reading manifest: Invalid extension permission: mozillaAddons
1586776930554	addons.webextension.screenshots@mozilla.org	WARN	Loading extension 'screenshots@mozilla.org': Reading manifest: Invalid extension permission: telemetry
1586776930555	addons.webextension.screenshots@mozilla.org	WARN	Loading extension 'screenshots@mozilla.org': Reading manifest: Invalid extension permission: resource://pdf.js/
1586776930555	addons.webextension.screenshots@mozilla.org	WARN	Loading extension 'screenshots@mozilla.org': Reading manifest: Invalid extension permission: about:reader*
JavaScript error: resource://gre/modules/XULStore.jsm, line 66: Error: Can't find profile directory.
1586776940048	Marionette	INFO	Listening on port 53367
1586776940160	Marionette	WARN	TLS certificate errors will be ignored for this session
Apr 13, 2020 4:52:20 PM org.openqa.selenium.remote.ProtocolHandshake createSession
INFO: Detected dialect: W3C
1586776965497	Marionette	INFO	Stopped listening on port 53367

###!!! [Child][RunMessage] Error: Channel closing: too late to send/recv, messages will be lost


###!!! [Child][MessageChannel::SendAndWait] Error: Channel error: cannot send/recv

1586776970582	mozrunner::runner	INFO	Running command: "C:\\Program Files\\Mozilla Firefox\\firefox.exe" "-marionette" "-foreground" "-no-remote" "-profile" "C:\\Users\\c29ra\\AppData\\Local\\Temp\\rust_mozprofileruP1G4"
1586776971559	addons.webextension.doh-rollout@mozilla.org	WARN	Loading extension 'doh-rollout@mozilla.org': Reading manifest: Invalid extension permission: networkStatus
1586776974008	addons.webextension.screenshots@mozilla.org	WARN	Loading extension 'screenshots@mozilla.org': Reading manifest: Invalid extension permission: mozillaAddons
1586776974008	addons.webextension.screenshots@mozilla.org	WARN	Loading extension 'screenshots@mozilla.org': Reading manifest: Invalid extension permission: telemetry
1586776974009	addons.webextension.screenshots@mozilla.org	WARN	Loading extension 'screenshots@mozilla.org': Reading manifest: Invalid extension permission: resource://pdf.js/
1586776974009	addons.webextension.screenshots@mozilla.org	WARN	Loading extension 'screenshots@mozilla.org': Reading manifest: Invalid extension permission: about:reader*
JavaScript error: resource://gre/modules/XULStore.jsm, line 66: Error: Can't find profile directory.
1586776977341	Marionette	INFO	Listening on port 53432
1586776977431	Marionette	WARN	TLS certificate errors will be ignored for this session
Apr 13, 2020 4:52:57 PM org.openqa.selenium.remote.ProtocolHandshake createSession
INFO: Detected dialect: W3C
1586776983127	Marionette	WARN	TimedPromise timed out after 500 ms: stacktrace:
TimedPromise/<@chrome://marionette/content/sync.js:244:13
TimedPromise@chrome://marionette/content/sync.js:229:10
interaction.flushEventLoop@chrome://marionette/content/interaction.js:416:10
webdriverClickElement@chrome://marionette/content/interaction.js:182:31
1586776985874	Marionette	WARN	TimedPromise timed out after 500 ms: stacktrace:
TimedPromise/<@chrome://marionette/content/sync.js:244:13
TimedPromise@chrome://marionette/content/sync.js:229:10
interaction.flushEventLoop@chrome://marionette/content/interaction.js:416:10
webdriverClickElement@chrome://marionette/content/interaction.js:182:31
1586776989248	Marionette	WARN	TimedPromise timed out after 500 ms: stacktrace:
TimedPromise/<@chrome://marionette/content/sync.js:244:13
TimedPromise@chrome://marionette/content/sync.js:229:10
interaction.flushEventLoop@chrome://marionette/content/interaction.js:416:10
webdriverClickElement@chrome://marionette/content/interaction.js:182:31
1586776991614	Marionette	WARN	TimedPromise timed out after 500 ms: stacktrace:
TimedPromise/<@chrome://marionette/content/sync.js:244:13
TimedPromise@chrome://marionette/content/sync.js:229:10
interaction.flushEventLoop@chrome://marionette/content/interaction.js:416:10
webdriverClickElement@chrome://marionette/content/interaction.js:182:31
1586776994671	Marionette	WARN	TimedPromise timed out after 500 ms: stacktrace:
TimedPromise/<@chrome://marionette/content/sync.js:244:13
TimedPromise@chrome://marionette/content/sync.js:229:10
interaction.flushEventLoop@chrome://marionette/content/interaction.js:416:10
webdriverClickElement@chrome://marionette/content/interaction.js:182:31
1586776998429	Marionette	WARN	TimedPromise timed out after 500 ms: stacktrace:
TimedPromise/<@chrome://marionette/content/sync.js:244:13
TimedPromise@chrome://marionette/content/sync.js:229:10
interaction.flushEventLoop@chrome://marionette/content/interaction.js:416:10
webdriverClickElement@chrome://marionette/content/interaction.js:182:31
1586777002490	Marionette	WARN	TimedPromise timed out after 500 ms: stacktrace:
TimedPromise/<@chrome://marionette/content/sync.js:244:13
TimedPromise@chrome://marionette/content/sync.js:229:10
interaction.flushEventLoop@chrome://marionette/content/interaction.js:416:10
webdriverClickElement@chrome://marionette/content/interaction.js:182:31
1586777006543	Marionette	INFO	Stopped listening on port 53432

###!!! [Child][RunMessage] Error: Channel closing: too late to send/recv, messages will be lost


###!!! [Child][MessageChannel::SendAndWait] Error: Channel error: cannot send/recv

]]></system-err>
  </testcase>
</testsuite>